<?xml version="1.0" encoding="UTF-8"?>
<!-- Generated by org.testng.reporters.JUnitReportReporter -->
<testsuite hostname="XAV-602000045" name="TestCases.AddToDoTest" tests="4" failures="0" timestamp="12 Jul 2021 21:05:12 GMT" time="98.809" errors="0">
  <testcase name="AddSingleItemTest" time="19.385" classname="TestCases.AddToDoTest"/>
  <testcase name="ClearCompletedToDo" time="40.102" classname="TestCases.AddToDoTest"/>
  <testcase name="AddMultipleItemTest" time="18.685" classname="TestCases.AddToDoTest"/>
  <testcase name="ClickToDoCheckBox" time="20.637" classname="TestCases.AddToDoTest"/>
</testsuite> <!-- TestCases.AddToDoTest -->
