<?xml version="1.0" encoding="UTF-8"?>
<!-- Generated by org.testng.reporters.JUnitReportReporter -->
<testsuite hostname="XAV-602000045" name="TestCases.Negative_AddToDoTest" tests="1" failures="0" timestamp="12 Jul 2021 20:11:30 GMT" time="17.275" errors="0">
  <testcase name="AddSpaceAsTodoTest" time="17.275" classname="TestCases.Negative_AddToDoTest"/>
</testsuite> <!-- TestCases.Negative_AddToDoTest -->
